#
# There is insufficient memory for the Java Runtime Environment to continue.
# Native memory allocation (malloc) failed to allocate 1416976 bytes for Chunk::new
# Possible reasons:
#   The system is out of physical RAM or swap space
#   The process is running with CompressedOops enabled, and the Java Heap may be blocking the growth of the native heap
# Possible solutions:
#   Reduce memory load on the system
#   Increase physical memory or swap space
#   Check if swap backing store is full
#   Decrease Java heap size (-Xmx/-Xms)
#   Decrease number of Java threads
#   Decrease Java thread stack sizes (-Xss)
#   Set larger code cache with -XX:ReservedCodeCacheSize=
#   JVM is running with Unscaled Compressed Oops mode in which the Java heap is
#     placed in the first 4GB address space. The Java Heap base address is the
#     maximum limit for the native heap growth. Please use -XX:HeapBaseMinAddress
#     to set the Java Heap base and to place the Java Heap above 4GB virtual address.
# This output file may be truncated or incomplete.
#
#  Out of Memory Error (./src/hotspot/share/memory/arena.cpp:197), pid=1744, tid=14364
#
# JRE version: OpenJDK Runtime Environment (11.0.10) (build 11.0.10+0-b96-7249189)
# Java VM: OpenJDK 64-Bit Server VM (11.0.10+0-b96-7249189, mixed mode, tiered, compressed oops, g1 gc, windows-amd64)
# No core dump will be written. Minidumps are not enabled by default on client versions of Windows
#

---------------  S U M M A R Y ------------

Command Line: --add-opens=java.base/java.util=ALL-UNNAMED --add-opens=java.base/java.lang=ALL-UNNAMED --add-opens=java.base/java.lang.invoke=ALL-UNNAMED --add-opens=java.base/java.util=ALL-UNNAMED --add-opens=java.prefs/java.util.prefs=ALL-UNNAMED --add-opens=java.prefs/java.util.prefs=ALL-UNNAMED --add-opens=java.base/java.nio.charset=ALL-UNNAMED --add-opens=java.base/java.net=ALL-UNNAMED --add-opens=java.base/java.util.concurrent.atomic=ALL-UNNAMED -Xmx2048m -Dfile.encoding=UTF-8 -Duser.country=US -Duser.language=en -Duser.variant org.gradle.launcher.daemon.bootstrap.GradleDaemon 7.0.2

Host: Intel(R) Core(TM) i5-8265U CPU @ 1.60GHz, 8 cores, 7G,  Windows 10 , 64 bit Build 19041 (10.0.19041.1348)
Time: Wed Dec  1 21:14:52 2021 Central Standard Time elapsed time: 40.654382 seconds (0d 0h 0m 40s)

---------------  T H R E A D  ---------------

Current thread (0x00000268eb649000):  JavaThread "C2 CompilerThread0" daemon [_thread_in_native, id=14364, stack(0x00000073bac00000,0x00000073bad00000)]


Current CompileTask:
C2:  40654 11079       4       java.net.URLClassLoader$1::run (5 bytes)

Stack: [0x00000073bac00000,0x00000073bad00000]
Native frames: (J=compiled Java code, j=interpreted, Vv=VM code, C=native code)
V  [jvm.dll+0x5ecfaa]
V  [jvm.dll+0x722bd5]
V  [jvm.dll+0x72412d]
V  [jvm.dll+0x7247e3]
V  [jvm.dll+0x242928]
V  [jvm.dll+0xbc4fc]
V  [jvm.dll+0xbca0c]
V  [jvm.dll+0x352d3b]
V  [jvm.dll+0x320ad3]
V  [jvm.dll+0x31ffca]
V  [jvm.dll+0x1fb602]
V  [jvm.dll+0x1fa7f4]
V  [jvm.dll+0x18354c]
V  [jvm.dll+0x208ee7]
V  [jvm.dll+0x207731]
V  [jvm.dll+0x6eb1cf]
V  [jvm.dll+0x6e3d45]
V  [jvm.dll+0x5ebe96]
C  [ucrtbase.dll+0x21bb2]
C  [KERNEL32.DLL+0x17034]
C  [ntdll.dll+0x52651]


---------------  P R O C E S S  ---------------

Threads class SMR info:
_java_thread_list=0x00000268f53ad6d0, length=71, elements={
0x00000268d11a9800, 0x00000268eb621000, 0x00000268eb62a000, 0x00000268ebfa2800,
0x00000268eb63a800, 0x00000268eb63b800, 0x00000268eb649000, 0x00000268eb64d800,
0x00000268eb653000, 0x00000268ec0f5000, 0x00000268ed964800, 0x00000268ed6c1800,
0x00000268edf16000, 0x00000268edf00000, 0x00000268edf01000, 0x00000268eccb3000,
0x00000268eddc5800, 0x00000268ec9a4800, 0x00000268ed1a7000, 0x00000268ed1a5800,
0x00000268ed1a8000, 0x00000268ed1a6800, 0x00000268ee072800, 0x00000268ee075000,
0x00000268ee075800, 0x00000268ee071800, 0x00000268ee073800, 0x00000268ee074000,
0x00000268ee071000, 0x00000268ee07a800, 0x00000268ee076800, 0x00000268ee077800,
0x00000268ee07e000, 0x00000268ee07f800, 0x00000268ee07c800, 0x00000268ee07d000,
0x00000268ee07e800, 0x00000268ee8d9800, 0x00000268ee8da000, 0x00000268ee8d7800,
0x00000268ee8d5800, 0x00000268ee8d8800, 0x00000268ee8d4800, 0x00000268ee8db000,
0x00000268ee8dc000, 0x00000268ee8d6000, 0x00000268ee8dc800, 0x00000268ee8d7000,
0x00000268ee8e0000, 0x00000268ee8e0800, 0x00000268ee8de800, 0x00000268ee8e3000,
0x00000268ee8e1800, 0x00000268ee8dd800, 0x00000268f4a9d800, 0x00000268f4a9e800,
0x00000268f4aa0000, 0x00000268f4a9a800, 0x00000268f4aa1000, 0x00000268f4a9b000,
0x00000268f4a9f000, 0x00000268f6b01000, 0x00000268f6b4d000, 0x00000268f4a9c000,
0x00000268f4aa7800, 0x00000268f4aa6800, 0x00000268f4aa8000, 0x00000268f4aa4000,
0x00000268f4aa2800, 0x00000268f4aa5000, 0x00000268f4aa9000
}

Java Threads: ( => current thread )
  0x00000268d11a9800 JavaThread "main" [_thread_blocked, id=13756, stack(0x00000073ba000000,0x00000073ba100000)]
  0x00000268eb621000 JavaThread "Reference Handler" daemon [_thread_blocked, id=32, stack(0x00000073ba700000,0x00000073ba800000)]
  0x00000268eb62a000 JavaThread "Finalizer" daemon [_thread_blocked, id=5144, stack(0x00000073ba800000,0x00000073ba900000)]
  0x00000268ebfa2800 JavaThread "Signal Dispatcher" daemon [_thread_blocked, id=16004, stack(0x00000073ba900000,0x00000073baa00000)]
  0x00000268eb63a800 JavaThread "Attach Listener" daemon [_thread_blocked, id=12352, stack(0x00000073baa00000,0x00000073bab00000)]
  0x00000268eb63b800 JavaThread "Service Thread" daemon [_thread_blocked, id=10448, stack(0x00000073bab00000,0x00000073bac00000)]
=>0x00000268eb649000 JavaThread "C2 CompilerThread0" daemon [_thread_in_native, id=14364, stack(0x00000073bac00000,0x00000073bad00000)]
  0x00000268eb64d800 JavaThread "C1 CompilerThread0" daemon [_thread_blocked, id=3544, stack(0x00000073bad00000,0x00000073bae00000)]
  0x00000268eb653000 JavaThread "Sweeper thread" daemon [_thread_blocked, id=13164, stack(0x00000073bae00000,0x00000073baf00000)]
  0x00000268ec0f5000 JavaThread "Common-Cleaner" daemon [_thread_blocked, id=8300, stack(0x00000073baf00000,0x00000073bb000000)]
  0x00000268ed964800 JavaThread "Daemon health stats" [_thread_blocked, id=6992, stack(0x00000073bb300000,0x00000073bb400000)]
  0x00000268ed6c1800 JavaThread "Incoming local TCP Connector on port 54841" [_thread_in_native, id=2412, stack(0x00000073bb400000,0x00000073bb500000)]
  0x00000268edf16000 JavaThread "Daemon periodic checks" [_thread_blocked, id=3244, stack(0x00000073bb500000,0x00000073bb600000)]
  0x00000268edf00000 JavaThread "Daemon" [_thread_blocked, id=9824, stack(0x00000073bb600000,0x00000073bb700000)]
  0x00000268edf01000 JavaThread "Handler for socket connection from /127.0.0.1:54841 to /127.0.0.1:54842" [_thread_in_native, id=13056, stack(0x00000073bb700000,0x00000073bb800000)]
  0x00000268eccb3000 JavaThread "Cancel handler" [_thread_blocked, id=8984, stack(0x00000073bb800000,0x00000073bb900000)]
  0x00000268eddc5800 JavaThread "Daemon worker" [_thread_blocked, id=1460, stack(0x00000073bb900000,0x00000073bba00000)]
  0x00000268ec9a4800 JavaThread "Asynchronous log dispatcher for DefaultDaemonConnection: socket connection from /127.0.0.1:54841 to /127.0.0.1:54842" [_thread_blocked, id=10464, stack(0x00000073bba00000,0x00000073bbb00000)]
  0x00000268ed1a7000 JavaThread "Stdin handler" [_thread_blocked, id=8472, stack(0x00000073bbb00000,0x00000073bbc00000)]
  0x00000268ed1a5800 JavaThread "Daemon client event forwarder" [_thread_blocked, id=6892, stack(0x00000073bbc00000,0x00000073bbd00000)]
  0x00000268ed1a8000 JavaThread "Cache worker for file hash cache (C:\Users\Brax\.gradle\caches\7.0.2\fileHashes)" [_thread_blocked, id=3460, stack(0x00000073bc200000,0x00000073bc300000)]
  0x00000268ed1a6800 JavaThread "File lock request listener" [_thread_in_native, id=9360, stack(0x00000073bc300000,0x00000073bc400000)]
  0x00000268ee072800 JavaThread "Cache worker for journal cache (C:\Users\Brax\.gradle\caches\journal-1)" [_thread_blocked, id=15112, stack(0x00000073bc500000,0x00000073bc600000)]
  0x00000268ee075000 JavaThread "Cache worker for file hash cache (D:\androidStudioProjects\CryptoEpub\.gradle\7.0.2\fileHashes)" [_thread_blocked, id=9348, stack(0x00000073bc600000,0x00000073bc700000)]
  0x00000268ee075800 JavaThread "File watcher server" daemon [_thread_in_native, id=12244, stack(0x00000073bc700000,0x00000073bc800000)]
  0x00000268ee071800 JavaThread "File watcher consumer" daemon [_thread_blocked, id=4108, stack(0x00000073bc800000,0x00000073bc900000)]
  0x00000268ee073800 JavaThread "Cache worker for checksums cache (D:\androidStudioProjects\CryptoEpub\.gradle\checksums)" [_thread_blocked, id=8052, stack(0x00000073bc900000,0x00000073bca00000)]
  0x00000268ee074000 JavaThread "Cache worker for cache directory md-supplier (C:\Users\Brax\.gradle\caches\7.0.2\md-supplier)" [_thread_blocked, id=4780, stack(0x00000073bca00000,0x00000073bcb00000)]
  0x00000268ee071000 JavaThread "Cache worker for cache directory md-rule (C:\Users\Brax\.gradle\caches\7.0.2\md-rule)" [_thread_blocked, id=10980, stack(0x00000073bcb00000,0x00000073bcc00000)]
  0x00000268ee07a800 JavaThread "Cache worker for execution history cache (C:\Users\Brax\.gradle\caches\7.0.2\executionHistory)" [_thread_blocked, id=9780, stack(0x00000073bcc00000,0x00000073bcd00000)]
  0x00000268ee076800 JavaThread "jar transforms" [_thread_blocked, id=11548, stack(0x00000073bcd00000,0x00000073bce00000)]
  0x00000268ee077800 JavaThread "jar transforms Thread 2" [_thread_blocked, id=12144, stack(0x00000073bce00000,0x00000073bcf00000)]
  0x00000268ee07e000 JavaThread "Cache worker for file content cache (C:\Users\Brax\.gradle\caches\7.0.2\fileContent)" [_thread_blocked, id=14600, stack(0x00000073bcf00000,0x00000073bd000000)]
  0x00000268ee07f800 JavaThread "Cache worker for dependencies-accessors (D:\androidStudioProjects\CryptoEpub\.gradle\7.0.2\dependencies-accessors)" [_thread_blocked, id=15620, stack(0x00000073bd000000,0x00000073bd100000)]
  0x00000268ee07c800 JavaThread "jar transforms Thread 3" [_thread_blocked, id=6292, stack(0x00000073bd100000,0x00000073bd200000)]
  0x00000268ee07d000 JavaThread "Cache worker for Build Output Cleanup Cache (D:\androidStudioProjects\CryptoEpub\.gradle\buildOutputCleanup)" [_thread_blocked, id=9032, stack(0x00000073bd200000,0x00000073bd300000)]
  0x00000268ee07e800 JavaThread "Build operations" [_thread_blocked, id=9516, stack(0x00000073bd300000,0x00000073bd400000)]
  0x00000268ee8d9800 JavaThread "Build operations Thread 2" [_thread_blocked, id=14100, stack(0x00000073bd400000,0x00000073bd500000)]
  0x00000268ee8da000 JavaThread "Build operations Thread 3" [_thread_blocked, id=10184, stack(0x00000073bd500000,0x00000073bd600000)]
  0x00000268ee8d7800 JavaThread "Build operations Thread 4" [_thread_blocked, id=16184, stack(0x00000073bd600000,0x00000073bd700000)]
  0x00000268ee8d5800 JavaThread "Build operations Thread 5" [_thread_blocked, id=6948, stack(0x00000073bd700000,0x00000073bd800000)]
  0x00000268ee8d8800 JavaThread "Build operations Thread 6" [_thread_blocked, id=15992, stack(0x00000073bd800000,0x00000073bd900000)]
  0x00000268ee8d4800 JavaThread "Build operations Thread 7" [_thread_blocked, id=3416, stack(0x00000073bd900000,0x00000073bda00000)]
  0x00000268ee8db000 JavaThread "Build operations Thread 8" [_thread_blocked, id=5960, stack(0x00000073bda00000,0x00000073bdb00000)]
  0x00000268ee8dc000 JavaThread "jar transforms Thread 4" [_thread_blocked, id=15516, stack(0x00000073bdb00000,0x00000073bdc00000)]
  0x00000268ee8d6000 JavaThread "jar transforms Thread 5" [_thread_blocked, id=15452, stack(0x00000073bdc00000,0x00000073bdd00000)]
  0x00000268ee8dc800 JavaThread "jar transforms Thread 6" [_thread_blocked, id=11340, stack(0x00000073bdd00000,0x00000073bde00000)]
  0x00000268ee8d7000 JavaThread "jar transforms Thread 7" [_thread_blocked, id=10488, stack(0x00000073bde00000,0x00000073bdf00000)]
  0x00000268ee8e0000 JavaThread "jar transforms Thread 8" [_thread_blocked, id=13556, stack(0x00000073bdf00000,0x00000073be000000)]
  0x00000268ee8e0800 JavaThread "Memory manager" [_thread_blocked, id=13860, stack(0x00000073be000000,0x00000073be100000)]
  0x00000268ee8de800 JavaThread "build event listener" [_thread_blocked, id=15012, stack(0x00000073be100000,0x00000073be200000)]
  0x00000268ee8e3000 JavaThread "Execution worker for ':'" [_thread_blocked, id=9788, stack(0x00000073be200000,0x00000073be300000)]
  0x00000268ee8e1800 JavaThread "Execution worker for ':' Thread 2" [_thread_blocked, id=15812, stack(0x00000073be300000,0x00000073be400000)]
  0x00000268ee8dd800 JavaThread "Execution worker for ':' Thread 3" [_thread_blocked, id=7600, stack(0x00000073be400000,0x00000073be500000)]
  0x00000268f4a9d800 JavaThread "Execution worker for ':' Thread 4" [_thread_blocked, id=5444, stack(0x00000073be500000,0x00000073be600000)]
  0x00000268f4a9e800 JavaThread "Execution worker for ':' Thread 5" [_thread_blocked, id=13484, stack(0x00000073be600000,0x00000073be700000)]
  0x00000268f4aa0000 JavaThread "Execution worker for ':' Thread 6" [_thread_blocked, id=12760, stack(0x00000073be700000,0x00000073be800000)]
  0x00000268f4a9a800 JavaThread "Execution worker for ':' Thread 7" [_thread_blocked, id=12424, stack(0x00000073be800000,0x00000073be900000)]
  0x00000268f4aa1000 JavaThread "Cache worker for execution history cache (D:\androidStudioProjects\CryptoEpub\.gradle\7.0.2\executionHistory)" [_thread_blocked, id=15528, stack(0x00000073be900000,0x00000073bea00000)]
  0x00000268f4a9b000 JavaThread "Cache worker for Java compile cache (C:\Users\Brax\.gradle\caches\7.0.2\javaCompile)" [_thread_blocked, id=9840, stack(0x00000073bea00000,0x00000073beb00000)]
  0x00000268f4a9f000 JavaThread "Cache worker for Java compile cache (D:\androidStudioProjects\CryptoEpub\.gradle\7.0.2\javaCompile)" [_thread_blocked, id=12720, stack(0x00000073beb00000,0x00000073bec00000)]
  0x00000268f6b01000 JavaThread "C2 CompilerThread1" daemon [_thread_blocked, id=824, stack(0x00000073bee00000,0x00000073bef00000)]
  0x00000268f6b4d000 JavaThread "C2 CompilerThread2" daemon [_thread_blocked, id=10332, stack(0x00000073bef00000,0x00000073bf000000)]
  0x00000268f4a9c000 JavaThread "WorkerExecutor Queue" [_thread_blocked, id=9352, stack(0x00000073bf000000,0x00000073bf100000)]
  0x00000268f4aa7800 JavaThread "WorkerExecutor Queue Thread 2" [_thread_blocked, id=15808, stack(0x00000073bf100000,0x00000073bf200000)]
  0x00000268f4aa6800 JavaThread "WorkerExecutor Queue Thread 3" [_thread_blocked, id=236, stack(0x00000073bf200000,0x00000073bf300000)]
  0x00000268f4aa8000 JavaThread "WorkerExecutor Queue Thread 4" [_thread_blocked, id=3048, stack(0x00000073bf300000,0x00000073bf400000)]
  0x00000268f4aa4000 JavaThread "WorkerExecutor Queue Thread 5" [_thread_blocked, id=11036, stack(0x00000073bf400000,0x00000073bf500000)]
  0x00000268f4aa2800 JavaThread "WorkerExecutor Queue Thread 6" [_thread_in_vm, id=15828, stack(0x00000073bf500000,0x00000073bf600000)]
  0x00000268f4aa5000 JavaThread "WorkerExecutor Queue Thread 7" [_thread_blocked, id=10900, stack(0x00000073bf600000,0x00000073bf700000)]
  0x00000268f4aa9000 JavaThread "WorkerExecutor Queue Thread 8" [_thread_blocked, id=16156, stack(0x00000073bf700000,0x00000073bf800000)]

Other Threads:
  0x00000268eb61a800 VMThread "VM Thread" [stack: 0x00000073ba600000,0x00000073ba700000] [id=13092]
  0x00000268ec112800 WatcherThread [stack: 0x00000073bb000000,0x00000073bb100000] [id=7456]
  0x00000268d11c2000 GCTaskThread "GC Thread#0" [stack: 0x00000073ba100000,0x00000073ba200000] [id=12800]
  0x00000268ecc4f000 GCTaskThread "GC Thread#1" [stack: 0x00000073bb100000,0x00000073bb200000] [id=10804]
  0x00000268eca09800 GCTaskThread "GC Thread#2" [stack: 0x00000073bb200000,0x00000073bb300000] [id=14032]
  0x00000268ed606000 GCTaskThread "GC Thread#3" [stack: 0x00000073bbd00000,0x00000073bbe00000] [id=5680]
  0x00000268edea8800 GCTaskThread "GC Thread#4" [stack: 0x00000073bbe00000,0x00000073bbf00000] [id=15192]
  0x00000268edb0b800 GCTaskThread "GC Thread#5" [stack: 0x00000073bbf00000,0x00000073bc000000] [id=8708]
  0x00000268eda3a000 GCTaskThread "GC Thread#6" [stack: 0x00000073bc000000,0x00000073bc100000] [id=12040]
  0x00000268edb0e800 GCTaskThread "GC Thread#7" [stack: 0x00000073bc100000,0x00000073bc200000] [id=4784]
  0x00000268d11f5800 ConcurrentGCThread "G1 Main Marker" [stack: 0x00000073ba200000,0x00000073ba300000] [id=3372]
  0x00000268d11f7000 ConcurrentGCThread "G1 Conc#0" [stack: 0x00000073ba300000,0x00000073ba400000] [id=688]
  0x00000268ee24f000 ConcurrentGCThread "G1 Conc#1" [stack: 0x00000073bc400000,0x00000073bc500000] [id=5608]
  0x00000268eb470800 ConcurrentGCThread "G1 Refine#0" [stack: 0x00000073ba400000,0x00000073ba500000] [id=9228]
  0x00000268eb471000 ConcurrentGCThread "G1 Young RemSet Sampling" [stack: 0x00000073ba500000,0x00000073ba600000] [id=13168]

Threads with active compile tasks:
C2 CompilerThread0  40878 11079       4       java.net.URLClassLoader$1::run (5 bytes)

VM state:not at safepoint (normal execution)

VM Mutex/Monitor currently owned by a thread: None

Heap address: 0x0000000080000000, size: 2048 MB, Compressed Oops mode: 32-bit
Narrow klass base: 0x0000000000000000, Narrow klass shift: 3
Compressed class space size: 1073741824 Address: 0x0000000100000000

Heap:
 garbage-first heap   total 187392K, used 116234K [0x0000000080000000, 0x0000000100000000)
  region size 1024K, 43 young (44032K), 7 survivors (7168K)
 Metaspace       used 91785K, capacity 94242K, committed 94592K, reserved 1130496K
  class space    used 11891K, capacity 12804K, committed 12928K, reserved 1048576K
Heap Regions: E=young(eden), S=young(survivor), O=old, HS=humongous(starts), HC=humongous(continues), CS=collection set, F=free, A=archive, TAMS=top-at-mark-start (previous, next)
|   0|0x0000000080000000, 0x0000000080100000, 0x0000000080100000|100%| O|  |TAMS 0x0000000080100000, 0x0000000080000000| Untracked 
|   1|0x0000000080100000, 0x0000000080200000, 0x0000000080200000|100%| O|  |TAMS 0x0000000080200000, 0x0000000080100000| Untracked 
|   2|0x0000000080200000, 0x0000000080300000, 0x0000000080300000|100%| O|  |TAMS 0x0000000080300000, 0x0000000080200000| Untracked 
|   3|0x0000000080300000, 0x0000000080400000, 0x0000000080400000|100%|HS|  |TAMS 0x0000000080400000, 0x0000000080300000| Complete 
|   4|0x0000000080400000, 0x0000000080500000, 0x0000000080500000|100%|HC|  |TAMS 0x0000000080500000, 0x0000000080400000| Complete 
|   5|0x0000000080500000, 0x0000000080600000, 0x0000000080600000|100%|HC|  |TAMS 0x0000000080600000, 0x0000000080500000| Complete 
|   6|0x0000000080600000, 0x0000000080700000, 0x0000000080700000|100%| O|  |TAMS 0x0000000080700000, 0x0000000080600000| Untracked 
|   7|0x0000000080700000, 0x0000000080800000, 0x0000000080800000|100%| O|  |TAMS 0x0000000080800000, 0x0000000080700000| Untracked 
|   8|0x0000000080800000, 0x0000000080900000, 0x0000000080900000|100%| O|  |TAMS 0x0000000080900000, 0x0000000080800000| Untracked 
|   9|0x0000000080900000, 0x0000000080a00000, 0x0000000080a00000|100%| O|  |TAMS 0x0000000080a00000, 0x0000000080900000| Untracked 
|  10|0x0000000080a00000, 0x0000000080b00000, 0x0000000080b00000|100%| O|  |TAMS 0x0000000080b00000, 0x0000000080a00000| Untracked 
|  11|0x0000000080b00000, 0x0000000080c00000, 0x0000000080c00000|100%| O|  |TAMS 0x0000000080c00000, 0x0000000080b00000| Untracked 
|  12|0x0000000080c00000, 0x0000000080d00000, 0x0000000080d00000|100%| O|  |TAMS 0x0000000080d00000, 0x0000000080c00000| Untracked 
|  13|0x0000000080d00000, 0x0000000080e00000, 0x0000000080e00000|100%| O|  |TAMS 0x0000000080e00000, 0x0000000080d00000| Untracked 
|  14|0x0000000080e00000, 0x0000000080f00000, 0x0000000080f00000|100%| O|  |TAMS 0x0000000080f00000, 0x0000000080e00000| Untracked 
|  15|0x0000000080f00000, 0x0000000081000000, 0x0000000081000000|100%| O|  |TAMS 0x0000000081000000, 0x0000000080f00000| Untracked 
|  16|0x0000000081000000, 0x0000000081100000, 0x0000000081100000|100%| O|  |TAMS 0x0000000081100000, 0x0000000081000000| Untracked 
|  17|0x0000000081100000, 0x0000000081200000, 0x0000000081200000|100%| O|  |TAMS 0x0000000081200000, 0x0000000081100000| Untracked 
|  18|0x0000000081200000, 0x0000000081300000, 0x0000000081300000|100%|HS|  |TAMS 0x0000000081300000, 0x0000000081200000| Complete 
|  19|0x0000000081300000, 0x0000000081400000, 0x0000000081400000|100%| O|  |TAMS 0x0000000081400000, 0x0000000081300000| Untracked 
|  20|0x0000000081400000, 0x0000000081500000, 0x0000000081500000|100%| O|  |TAMS 0x0000000081500000, 0x0000000081400000| Untracked 
|  21|0x0000000081500000, 0x0000000081600000, 0x0000000081600000|100%| O|  |TAMS 0x0000000081600000, 0x0000000081500000| Untracked 
|  22|0x0000000081600000, 0x0000000081700000, 0x0000000081700000|100%| O|  |TAMS 0x0000000081700000, 0x0000000081600000| Untracked 
|  23|0x0000000081700000, 0x0000000081800000, 0x0000000081800000|100%|HS|  |TAMS 0x0000000081800000, 0x0000000081700000| Complete 
|  24|0x0000000081800000, 0x0000000081900000, 0x0000000081900000|100%|HS|  |TAMS 0x0000000081900000, 0x0000000081800000| Complete 
|  25|0x0000000081900000, 0x0000000081a00000, 0x0000000081a00000|100%|HC|  |TAMS 0x0000000081a00000, 0x0000000081900000| Complete 
|  26|0x0000000081a00000, 0x0000000081b00000, 0x0000000081b00000|100%| O|  |TAMS 0x0000000081b00000, 0x0000000081a00000| Untracked 
|  27|0x0000000081b00000, 0x0000000081c00000, 0x0000000081c00000|100%| O|  |TAMS 0x0000000081c00000, 0x0000000081b00000| Untracked 
|  28|0x0000000081c00000, 0x0000000081d00000, 0x0000000081d00000|100%| O|  |TAMS 0x0000000081d00000, 0x0000000081c00000| Untracked 
|  29|0x0000000081d00000, 0x0000000081e00000, 0x0000000081e00000|100%| O|  |TAMS 0x0000000081e00000, 0x0000000081d00000| Untracked 
|  30|0x0000000081e00000, 0x0000000081f00000, 0x0000000081f00000|100%| O|  |TAMS 0x0000000081f00000, 0x0000000081e00000| Untracked 
|  31|0x0000000081f00000, 0x0000000082000000, 0x0000000082000000|100%| O|  |TAMS 0x0000000082000000, 0x0000000081f00000| Untracked 
|  32|0x0000000082000000, 0x0000000082100000, 0x0000000082100000|100%| O|  |TAMS 0x0000000082100000, 0x0000000082000000| Untracked 
|  33|0x0000000082100000, 0x0000000082200000, 0x0000000082200000|100%| O|  |TAMS 0x0000000082200000, 0x0000000082100000| Untracked 
|  34|0x0000000082200000, 0x0000000082300000, 0x0000000082300000|100%| O|  |TAMS 0x0000000082300000, 0x0000000082200000| Untracked 
|  35|0x0000000082300000, 0x0000000082400000, 0x0000000082400000|100%| O|  |TAMS 0x0000000082400000, 0x0000000082300000| Untracked 
|  36|0x0000000082400000, 0x0000000082500000, 0x0000000082500000|100%| O|  |TAMS 0x0000000082500000, 0x0000000082400000| Untracked 
|  37|0x0000000082500000, 0x0000000082600000, 0x0000000082600000|100%| O|  |TAMS 0x0000000082600000, 0x0000000082500000| Untracked 
|  38|0x0000000082600000, 0x0000000082700000, 0x0000000082700000|100%| O|  |TAMS 0x0000000082700000, 0x0000000082600000| Untracked 
|  39|0x0000000082700000, 0x0000000082800000, 0x0000000082800000|100%| O|  |TAMS 0x0000000082800000, 0x0000000082700000| Untracked 
|  40|0x0000000082800000, 0x0000000082900000, 0x0000000082900000|100%| O|  |TAMS 0x0000000082900000, 0x0000000082800000| Untracked 
|  41|0x0000000082900000, 0x0000000082a00000, 0x0000000082a00000|100%| O|  |TAMS 0x0000000082952e00, 0x0000000082900000| Untracked 
|  42|0x0000000082a00000, 0x0000000082b00000, 0x0000000082b00000|100%| O|  |TAMS 0x0000000082a00000, 0x0000000082a00000| Untracked 
|  43|0x0000000082b00000, 0x0000000082c00000, 0x0000000082c00000|100%| O|  |TAMS 0x0000000082b00000, 0x0000000082b00000| Untracked 
|  44|0x0000000082c00000, 0x0000000082d00000, 0x0000000082d00000|100%| O|  |TAMS 0x0000000082c00000, 0x0000000082c00000| Untracked 
|  45|0x0000000082d00000, 0x0000000082e00000, 0x0000000082e00000|100%| O|  |TAMS 0x0000000082d00000, 0x0000000082d00000| Untracked 
|  46|0x0000000082e00000, 0x0000000082f00000, 0x0000000082f00000|100%| O|  |TAMS 0x0000000082e00000, 0x0000000082e00000| Untracked 
|  47|0x0000000082f00000, 0x0000000083000000, 0x0000000083000000|100%| O|  |TAMS 0x0000000082f00000, 0x0000000082f00000| Untracked 
|  48|0x0000000083000000, 0x0000000083100000, 0x0000000083100000|100%| O|  |TAMS 0x0000000083000000, 0x0000000083000000| Untracked 
|  49|0x0000000083100000, 0x0000000083200000, 0x0000000083200000|100%| O|  |TAMS 0x0000000083100000, 0x0000000083100000| Untracked 
|  50|0x0000000083200000, 0x0000000083300000, 0x0000000083300000|100%| O|  |TAMS 0x0000000083200000, 0x0000000083200000| Untracked 
|  51|0x0000000083300000, 0x0000000083400000, 0x0000000083400000|100%| O|  |TAMS 0x0000000083300000, 0x0000000083300000| Untracked 
|  52|0x0000000083400000, 0x0000000083500000, 0x0000000083500000|100%| O|  |TAMS 0x0000000083400000, 0x0000000083400000| Untracked 
|  53|0x0000000083500000, 0x0000000083600000, 0x0000000083600000|100%| O|  |TAMS 0x0000000083500000, 0x0000000083500000| Untracked 
|  54|0x0000000083600000, 0x0000000083700000, 0x0000000083700000|100%|HS|  |TAMS 0x0000000083600000, 0x0000000083600000| Complete 
|  55|0x0000000083700000, 0x0000000083800000, 0x0000000083800000|100%|HC|  |TAMS 0x0000000083700000, 0x0000000083700000| Complete 
|  56|0x0000000083800000, 0x0000000083900000, 0x0000000083900000|100%| O|  |TAMS 0x0000000083800000, 0x0000000083800000| Untracked 
|  57|0x0000000083900000, 0x0000000083a00000, 0x0000000083a00000|100%| O|  |TAMS 0x0000000083900000, 0x0000000083900000| Untracked 
|  58|0x0000000083a00000, 0x0000000083b00000, 0x0000000083b00000|100%| O|  |TAMS 0x0000000083a00000, 0x0000000083a00000| Untracked 
|  59|0x0000000083b00000, 0x0000000083c00000, 0x0000000083c00000|100%| O|  |TAMS 0x0000000083b00000, 0x0000000083b00000| Untracked 
|  60|0x0000000083c00000, 0x0000000083d00000, 0x0000000083d00000|100%| O|  |TAMS 0x0000000083c00000, 0x0000000083c00000| Untracked 
|  61|0x0000000083d00000, 0x0000000083e00000, 0x0000000083e00000|100%| O|  |TAMS 0x0000000083d00000, 0x0000000083d00000| Untracked 
|  62|0x0000000083e00000, 0x0000000083f00000, 0x0000000083f00000|100%| O|  |TAMS 0x0000000083e00000, 0x0000000083e00000| Untracked 
|  63|0x0000000083f00000, 0x0000000084000000, 0x0000000084000000|100%| O|  |TAMS 0x0000000083f00000, 0x0000000083f00000| Untracked 
|  64|0x0000000084000000, 0x0000000084100000, 0x0000000084100000|100%| O|  |TAMS 0x0000000084000000, 0x0000000084000000| Untracked 
|  65|0x0000000084100000, 0x0000000084200000, 0x0000000084200000|100%| O|  |TAMS 0x0000000084100000, 0x0000000084100000| Untracked 
|  66|0x0000000084200000, 0x0000000084300000, 0x0000000084300000|100%| O|  |TAMS 0x0000000084200000, 0x0000000084200000| Untracked 
|  67|0x0000000084300000, 0x0000000084400000, 0x0000000084400000|100%| O|  |TAMS 0x0000000084300000, 0x0000000084300000| Untracked 
|  68|0x0000000084400000, 0x0000000084500000, 0x0000000084500000|100%| O|  |TAMS 0x0000000084400000, 0x0000000084400000| Untracked 
|  69|0x0000000084500000, 0x0000000084600000, 0x0000000084600000|100%| O|  |TAMS 0x0000000084500000, 0x0000000084500000| Untracked 
|  70|0x0000000084600000, 0x0000000084700000, 0x0000000084700000|100%| O|  |TAMS 0x0000000084600000, 0x0000000084600000| Untracked 
|  71|0x0000000084700000, 0x0000000084800000, 0x0000000084800000|100%|HS|  |TAMS 0x0000000084700000, 0x0000000084700000| Complete 
|  72|0x0000000084800000, 0x0000000084900000, 0x0000000084900000|100%|HS|  |TAMS 0x0000000084800000, 0x0000000084800000| Complete 
|  73|0x0000000084900000, 0x0000000084900000, 0x0000000084a00000|  0%| F|  |TAMS 0x0000000084900000, 0x0000000084900000| Untracked 
|  74|0x0000000084a00000, 0x0000000084a00000, 0x0000000084b00000|  0%| F|  |TAMS 0x0000000084a00000, 0x0000000084a00000| Untracked 
|  75|0x0000000084b00000, 0x0000000084b00000, 0x0000000084c00000|  0%| F|  |TAMS 0x0000000084b00000, 0x0000000084b00000| Untracked 
|  76|0x0000000084c00000, 0x0000000084c00000, 0x0000000084d00000|  0%| F|  |TAMS 0x0000000084c00000, 0x0000000084c00000| Untracked 
|  77|0x0000000084d00000, 0x0000000084d00000, 0x0000000084e00000|  0%| F|  |TAMS 0x0000000084d00000, 0x0000000084d00000| Untracked 
|  78|0x0000000084e00000, 0x0000000084e00000, 0x0000000084f00000|  0%| F|  |TAMS 0x0000000084e00000, 0x0000000084e00000| Untracked 
|  79|0x0000000084f00000, 0x0000000084f00000, 0x0000000085000000|  0%| F|  |TAMS 0x0000000084f00000, 0x0000000084f00000| Untracked 
|  80|0x0000000085000000, 0x0000000085000000, 0x0000000085100000|  0%| F|  |TAMS 0x0000000085000000, 0x0000000085000000| Untracked 
|  81|0x0000000085100000, 0x0000000085100000, 0x0000000085200000|  0%| F|  |TAMS 0x0000000085100000, 0x0000000085100000| Untracked 
|  82|0x0000000085200000, 0x0000000085200000, 0x0000000085300000|  0%| F|  |TAMS 0x0000000085200000, 0x0000000085200000| Untracked 
|  83|0x0000000085300000, 0x0000000085300000, 0x0000000085400000|  0%| F|  |TAMS 0x0000000085300000, 0x0000000085300000| Untracked 
|  84|0x0000000085400000, 0x0000000085400000, 0x0000000085500000|  0%| F|  |TAMS 0x0000000085400000, 0x0000000085400000| Untracked 
|  85|0x0000000085500000, 0x0000000085500000, 0x0000000085600000|  0%| F|  |TAMS 0x0000000085500000, 0x0000000085500000| Untracked 
|  86|0x0000000085600000, 0x0000000085600000, 0x0000000085700000|  0%| F|  |TAMS 0x0000000085600000, 0x0000000085600000| Untracked 
|  87|0x0000000085700000, 0x0000000085700000, 0x0000000085800000|  0%| F|  |TAMS 0x0000000085700000, 0x0000000085700000| Untracked 
|  88|0x0000000085800000, 0x0000000085800000, 0x0000000085900000|  0%| F|  |TAMS 0x0000000085800000, 0x0000000085800000| Untracked 
|  89|0x0000000085900000, 0x0000000085900000, 0x0000000085a00000|  0%| F|  |TAMS 0x0000000085900000, 0x0000000085900000| Untracked 
|  90|0x0000000085a00000, 0x0000000085a00000, 0x0000000085b00000|  0%| F|  |TAMS 0x0000000085a00000, 0x0000000085a00000| Untracked 
|  91|0x0000000085b00000, 0x0000000085b00000, 0x0000000085c00000|  0%| F|  |TAMS 0x0000000085b00000, 0x0000000085b00000| Untracked 
|  92|0x0000000085c00000, 0x0000000085c00000, 0x0000000085d00000|  0%| F|  |TAMS 0x0000000085c00000, 0x0000000085c00000| Untracked 
|  93|0x0000000085d00000, 0x0000000085d00000, 0x0000000085e00000|  0%| F|  |TAMS 0x0000000085d00000, 0x0000000085d00000| Untracked 
|  94|0x0000000085e00000, 0x0000000085e00000, 0x0000000085f00000|  0%| F|  |TAMS 0x0000000085e00000, 0x0000000085e00000| Untracked 
|  95|0x0000000085f00000, 0x0000000085f00000, 0x0000000086000000|  0%| F|  |TAMS 0x0000000085f00000, 0x0000000085f00000| Untracked 
|  96|0x0000000086000000, 0x0000000086000000, 0x0000000086100000|  0%| F|  |TAMS 0x0000000086000000, 0x0000000086000000| Untracked 
|  97|0x0000000086100000, 0x0000000086100000, 0x0000000086200000|  0%| F|  |TAMS 0x0000000086100000, 0x0000000086100000| Untracked 
|  98|0x0000000086200000, 0x0000000086200000, 0x0000000086300000|  0%| F|  |TAMS 0x0000000086200000, 0x0000000086200000| Untracked 
|  99|0x0000000086300000, 0x0000000086300000, 0x0000000086400000|  0%| F|  |TAMS 0x0000000086300000, 0x0000000086300000| Untracked 
| 100|0x0000000086400000, 0x0000000086400000, 0x0000000086500000|  0%| F|  |TAMS 0x0000000086400000, 0x0000000086400000| Untracked 
| 101|0x0000000086500000, 0x0000000086500000, 0x0000000086600000|  0%| F|  |TAMS 0x0000000086500000, 0x0000000086500000| Untracked 
| 102|0x0000000086600000, 0x0000000086600000, 0x0000000086700000|  0%| F|  |TAMS 0x0000000086600000, 0x0000000086600000| Untracked 
| 103|0x0000000086700000, 0x0000000086700000, 0x0000000086800000|  0%| F|  |TAMS 0x0000000086700000, 0x0000000086700000| Untracked 
| 104|0x0000000086800000, 0x0000000086800000, 0x0000000086900000|  0%| F|  |TAMS 0x0000000086800000, 0x0000000086800000| Untracked 
| 105|0x0000000086900000, 0x0000000086900000, 0x0000000086a00000|  0%| F|  |TAMS 0x0000000086900000, 0x0000000086900000| Untracked 
| 106|0x0000000086a00000, 0x0000000086a00000, 0x0000000086b00000|  0%| F|  |TAMS 0x0000000086a00000, 0x0000000086a00000| Untracked 
| 107|0x0000000086b00000, 0x0000000086b00000, 0x0000000086c00000|  0%| F|  |TAMS 0x0000000086b00000, 0x0000000086b00000| Untracked 
| 108|0x0000000086c00000, 0x0000000086c82880, 0x0000000086d00000| 50%| S|CS|TAMS 0x0000000086c00000, 0x0000000086c00000| Complete 
| 109|0x0000000086d00000, 0x0000000086e00000, 0x0000000086e00000|100%| S|CS|TAMS 0x0000000086d00000, 0x0000000086d00000| Complete 
| 110|0x0000000086e00000, 0x0000000086f00000, 0x0000000086f00000|100%| S|CS|TAMS 0x0000000086e00000, 0x0000000086e00000| Complete 
| 111|0x0000000086f00000, 0x0000000087000000, 0x0000000087000000|100%| S|CS|TAMS 0x0000000086f00000, 0x0000000086f00000| Complete 
| 112|0x0000000087000000, 0x0000000087100000, 0x0000000087100000|100%| S|CS|TAMS 0x0000000087000000, 0x0000000087000000| Complete 
| 113|0x0000000087100000, 0x0000000087200000, 0x0000000087200000|100%| S|CS|TAMS 0x0000000087100000, 0x0000000087100000| Complete 
| 114|0x0000000087200000, 0x0000000087300000, 0x0000000087300000|100%| S|CS|TAMS 0x0000000087200000, 0x0000000087200000| Complete 
| 115|0x0000000087300000, 0x0000000087300000, 0x0000000087400000|  0%| F|  |TAMS 0x0000000087300000, 0x0000000087300000| Untracked 
| 116|0x0000000087400000, 0x0000000087400000, 0x0000000087500000|  0%| F|  |TAMS 0x0000000087400000, 0x0000000087400000| Untracked 
| 117|0x0000000087500000, 0x0000000087500000, 0x0000000087600000|  0%| F|  |TAMS 0x0000000087500000, 0x0000000087500000| Untracked 
| 118|0x0000000087600000, 0x0000000087600000, 0x0000000087700000|  0%| F|  |TAMS 0x0000000087600000, 0x0000000087600000| Untracked 
| 119|0x0000000087700000, 0x0000000087700000, 0x0000000087800000|  0%| F|  |TAMS 0x0000000087700000, 0x0000000087700000| Untracked 
| 120|0x0000000087800000, 0x0000000087800000, 0x0000000087900000|  0%| F|  |TAMS 0x0000000087800000, 0x0000000087800000| Untracked 
| 121|0x0000000087900000, 0x0000000087900000, 0x0000000087a00000|  0%| F|  |TAMS 0x0000000087900000, 0x0000000087900000| Untracked 
| 122|0x0000000087a00000, 0x0000000087a00000, 0x0000000087b00000|  0%| F|  |TAMS 0x0000000087a00000, 0x0000000087a00000| Untracked 
| 123|0x0000000087b00000, 0x0000000087b00000, 0x0000000087c00000|  0%| F|  |TAMS 0x0000000087b00000, 0x0000000087b00000| Untracked 
| 124|0x0000000087c00000, 0x0000000087c00000, 0x0000000087d00000|  0%| F|  |TAMS 0x0000000087c00000, 0x0000000087c00000| Untracked 
| 125|0x0000000087d00000, 0x0000000087d00000, 0x0000000087e00000|  0%| F|  |TAMS 0x0000000087d00000, 0x0000000087d00000| Untracked 
| 126|0x0000000087e00000, 0x0000000087e00000, 0x0000000087f00000|  0%| F|  |TAMS 0x0000000087e00000, 0x0000000087e00000| Untracked 
| 127|0x0000000087f00000, 0x0000000087f00000, 0x0000000088000000|  0%| F|  |TAMS 0x0000000087f00000, 0x0000000087f00000| Untracked 
| 128|0x0000000088000000, 0x0000000088000000, 0x0000000088100000|  0%| F|  |TAMS 0x0000000088000000, 0x0000000088000000| Untracked 
| 129|0x0000000088100000, 0x0000000088100000, 0x0000000088200000|  0%| F|  |TAMS 0x0000000088100000, 0x0000000088100000| Untracked 
| 130|0x0000000088200000, 0x0000000088200000, 0x0000000088300000|  0%| F|  |TAMS 0x0000000088200000, 0x0000000088200000| Untracked 
| 131|0x0000000088300000, 0x0000000088300000, 0x0000000088400000|  0%| F|  |TAMS 0x0000000088300000, 0x0000000088300000| Untracked 
| 132|0x0000000088400000, 0x0000000088400000, 0x0000000088500000|  0%| F|  |TAMS 0x0000000088400000, 0x0000000088400000| Untracked 
| 133|0x0000000088500000, 0x0000000088500000, 0x0000000088600000|  0%| F|  |TAMS 0x0000000088500000, 0x0000000088500000| Untracked 
| 134|0x0000000088600000, 0x0000000088600000, 0x0000000088700000|  0%| F|  |TAMS 0x0000000088600000, 0x0000000088600000| Untracked 
| 135|0x0000000088700000, 0x0000000088700000, 0x0000000088800000|  0%| F|  |TAMS 0x0000000088700000, 0x0000000088700000| Untracked 
| 136|0x0000000088800000, 0x0000000088800000, 0x0000000088900000|  0%| F|  |TAMS 0x0000000088800000, 0x0000000088800000| Untracked 
| 137|0x0000000088900000, 0x0000000088900000, 0x0000000088a00000|  0%| F|  |TAMS 0x0000000088900000, 0x0000000088900000| Untracked 
| 138|0x0000000088a00000, 0x0000000088a00000, 0x0000000088b00000|  0%| F|  |TAMS 0x0000000088a00000, 0x0000000088a00000| Untracked 
| 139|0x0000000088b00000, 0x0000000088b00000, 0x0000000088c00000|  0%| F|  |TAMS 0x0000000088b00000, 0x0000000088b00000| Untracked 
| 140|0x0000000088c00000, 0x0000000088c00000, 0x0000000088d00000|  0%| F|  |TAMS 0x0000000088c00000, 0x0000000088c00000| Untracked 
| 141|0x0000000088d00000, 0x0000000088d00000, 0x0000000088e00000|  0%| F|  |TAMS 0x0000000088d00000, 0x0000000088d00000| Untracked 
| 142|0x0000000088e00000, 0x0000000088e00000, 0x0000000088f00000|  0%| F|  |TAMS 0x0000000088e00000, 0x0000000088e00000| Untracked 
| 143|0x0000000088f00000, 0x0000000088f00000, 0x0000000089000000|  0%| F|  |TAMS 0x0000000088f00000, 0x0000000088f00000| Untracked 
| 144|0x0000000089000000, 0x0000000089000000, 0x0000000089100000|  0%| F|  |TAMS 0x0000000089000000, 0x0000000089000000| Untracked 
| 145|0x0000000089100000, 0x0000000089100000, 0x0000000089200000|  0%| F|  |TAMS 0x0000000089100000, 0x0000000089100000| Untracked 
| 146|0x0000000089200000, 0x0000000089200000, 0x0000000089300000|  0%| F|  |TAMS 0x0000000089200000, 0x0000000089200000| Untracked 
| 147|0x0000000089300000, 0x000000008934c8a0, 0x0000000089400000| 29%| E|  |TAMS 0x0000000089300000, 0x0000000089300000| Complete 
| 148|0x0000000089400000, 0x0000000089500000, 0x0000000089500000|100%| E|CS|TAMS 0x0000000089400000, 0x0000000089400000| Complete 
| 149|0x0000000089500000, 0x0000000089600000, 0x0000000089600000|100%| E|CS|TAMS 0x0000000089500000, 0x0000000089500000| Complete 
| 150|0x0000000089600000, 0x0000000089700000, 0x0000000089700000|100%| E|CS|TAMS 0x0000000089600000, 0x0000000089600000| Complete 
| 151|0x0000000089700000, 0x0000000089800000, 0x0000000089800000|100%| E|CS|TAMS 0x0000000089700000, 0x0000000089700000| Complete 
| 152|0x0000000089800000, 0x0000000089900000, 0x0000000089900000|100%| E|CS|TAMS 0x0000000089800000, 0x0000000089800000| Complete 
| 153|0x0000000089900000, 0x0000000089a00000, 0x0000000089a00000|100%| E|CS|TAMS 0x0000000089900000, 0x0000000089900000| Complete 
| 154|0x0000000089a00000, 0x0000000089b00000, 0x0000000089b00000|100%| E|CS|TAMS 0x0000000089a00000, 0x0000000089a00000| Complete 
| 155|0x0000000089b00000, 0x0000000089c00000, 0x0000000089c00000|100%| E|  |TAMS 0x0000000089b00000, 0x0000000089b00000| Complete 
| 156|0x0000000089c00000, 0x0000000089d00000, 0x0000000089d00000|100%| E|CS|TAMS 0x0000000089c00000, 0x0000000089c00000| Complete 
| 157|0x0000000089d00000, 0x0000000089e00000, 0x0000000089e00000|100%| E|CS|TAMS 0x0000000089d00000, 0x0000000089d00000| Complete 
| 158|0x0000000089e00000, 0x0000000089f00000, 0x0000000089f00000|100%| E|CS|TAMS 0x0000000089e00000, 0x0000000089e00000| Complete 
| 159|0x0000000089f00000, 0x000000008a000000, 0x000000008a000000|100%| E|CS|TAMS 0x0000000089f00000, 0x0000000089f00000| Complete 
| 160|0x000000008a000000, 0x000000008a100000, 0x000000008a100000|100%| E|CS|TAMS 0x000000008a000000, 0x000000008a000000| Complete 
| 161|0x000000008a100000, 0x000000008a200000, 0x000000008a200000|100%| E|CS|TAMS 0x000000008a100000, 0x000000008a100000| Complete 
| 162|0x000000008a200000, 0x000000008a300000, 0x000000008a300000|100%| E|CS|TAMS 0x000000008a200000, 0x000000008a200000| Complete 
| 163|0x000000008a300000, 0x000000008a400000, 0x000000008a400000|100%| E|CS|TAMS 0x000000008a300000, 0x000000008a300000| Complete 
| 164|0x000000008a400000, 0x000000008a500000, 0x000000008a500000|100%| E|CS|TAMS 0x000000008a400000, 0x000000008a400000| Complete 
| 165|0x000000008a500000, 0x000000008a600000, 0x000000008a600000|100%| E|CS|TAMS 0x000000008a500000, 0x000000008a500000| Complete 
| 166|0x000000008a600000, 0x000000008a700000, 0x000000008a700000|100%| E|CS|TAMS 0x000000008a600000, 0x000000008a600000| Complete 
| 167|0x000000008a700000, 0x000000008a800000, 0x000000008a800000|100%| E|CS|TAMS 0x000000008a700000, 0x000000008a700000| Complete 
| 168|0x000000008a800000, 0x000000008a900000, 0x000000008a900000|100%| E|CS|TAMS 0x000000008a800000, 0x000000008a800000| Complete 
| 169|0x000000008a900000, 0x000000008aa00000, 0x000000008aa00000|100%| E|CS|TAMS 0x000000008a900000, 0x000000008a900000| Complete 
| 170|0x000000008aa00000, 0x000000008ab00000, 0x000000008ab00000|100%| E|CS|TAMS 0x000000008aa00000, 0x000000008aa00000| Complete 
| 171|0x000000008ab00000, 0x000000008ac00000, 0x000000008ac00000|100%| E|CS|TAMS 0x000000008ab00000, 0x000000008ab00000| Complete 
| 172|0x000000008ac00000, 0x000000008ad00000, 0x000000008ad00000|100%| E|CS|TAMS 0x000000008ac00000, 0x000000008ac00000| Complete 
| 173|0x000000008ad00000, 0x000000008ae00000, 0x000000008ae00000|100%| E|CS|TAMS 0x000000008ad00000, 0x000000008ad00000| Complete 
| 174|0x000000008ae00000, 0x000000008af00000, 0x000000008af00000|100%| E|CS|TAMS 0x000000008ae00000, 0x000000008ae00000| Complete 
| 175|0x000000008af00000, 0x000000008b000000, 0x000000008b000000|100%| E|CS|TAMS 0x000000008af00000, 0x000000008af00000| Complete 
| 176|0x000000008b000000, 0x000000008b100000, 0x000000008b100000|100%| E|CS|TAMS 0x000000008b000000, 0x000000008b000000| Complete 
| 177|0x000000008b100000, 0x000000008b200000, 0x000000008b200000|100%| E|CS|TAMS 0x000000008b100000, 0x000000008b100000| Complete 
| 178|0x000000008b200000, 0x000000008b300000, 0x000000008b300000|100%| E|CS|TAMS 0x000000008b200000, 0x000000008b200000| Complete 
| 179|0x000000008b300000, 0x000000008b400000, 0x000000008b400000|100%| E|CS|TAMS 0x000000008b300000, 0x000000008b300000| Complete 
| 180|0x000000008b400000, 0x000000008b500000, 0x000000008b500000|100%| E|CS|TAMS 0x000000008b400000, 0x000000008b400000| Complete 
| 181|0x000000008b500000, 0x000000008b600000, 0x000000008b600000|100%| E|CS|TAMS 0x000000008b500000, 0x000000008b500000| Complete 
| 182|0x000000008b600000, 0x000000008b700000, 0x000000008b700000|100%| E|CS|TAMS 0x000000008b600000, 0x000000008b600000| Complete 

Card table byte_map: [0x00000268e43d0000,0x00000268e47d0000] _byte_map_base: 0x00000268e3fd0000

Marking Bits (Prev, Next): (CMBitMap*) 0x00000268d11ece28, (CMBitMap*) 0x00000268d11ece60
 Prev Bits: [0x00000268e4bd0000, 0x00000268e6bd0000)
 Next Bits: [0x00000268e6bd0000, 0x00000268e8bd0000)

Polling page: 0x00000268cf1c0000

Metaspace:

Usage:
  Non-class:     79.60 MB capacity,    78.07 MB ( 98%) used,     1.26 MB (  2%) free+waste,   282.38 KB ( <1%) overhead. 
      Class:     12.51 MB capacity,    11.62 MB ( 93%) used,   782.02 KB (  6%) free+waste,   128.50 KB (  1%) overhead. 
       Both:     92.11 MB capacity,    89.69 MB ( 97%) used,     2.02 MB (  2%) free+waste,   410.88 KB ( <1%) overhead. 

Virtual space:
  Non-class space:       80.00 MB reserved,      79.75 MB (>99%) committed 
      Class space:        1.00 GB reserved,      12.63 MB (  1%) committed 
             Both:        1.08 GB reserved,      92.38 MB (  8%) committed 

Chunk freelists:
   Non-Class:  22.00 KB
       Class:  0 bytes
        Both:  22.00 KB

MaxMetaspaceSize: 17179869184.00 GB
CompressedClassSpaceSize: 1.00 GB

CodeHeap 'non-profiled nmethods': size=120000Kb used=5974Kb max_used=5974Kb free=114025Kb
 bounds [0x00000268dc770000, 0x00000268dcd50000, 0x00000268e3ca0000]
CodeHeap 'profiled nmethods': size=120000Kb used=23092Kb max_used=23092Kb free=96907Kb
 bounds [0x00000268d5240000, 0x00000268d68d0000, 0x00000268dc770000]
CodeHeap 'non-nmethods': size=5760Kb used=2300Kb max_used=2360Kb free=3459Kb
 bounds [0x00000268d4ca0000, 0x00000268d4f10000, 0x00000268d5240000]
 total_blobs=11833 nmethods=10926 adapters=816
 compilation: enabled
              stopped_count=0, restarted_count=0
 full_count=0

Compilation events (20 events):
Event: 40.545 Thread 0x00000268eb64d800 11151       3       com.android.tools.r8.internal.Be::a (19 bytes)
Event: 40.545 Thread 0x00000268eb64d800 nmethod 11151 0x00000268d68bdb10 code [0x00000268d68bdcc0, 0x00000268d68bde38]
Event: 40.545 Thread 0x00000268f6b01000 11152   !   4       java.util.concurrent.ConcurrentHashMap::putVal (432 bytes)
Event: 40.550 Thread 0x00000268f6b4d000 nmethod 11123 0x00000268dcd3f690 code [0x00000268dcd3f860, 0x00000268dcd40dd8]
Event: 40.550 Thread 0x00000268f6b4d000 11153       4       com.android.tools.r8.internal.Ye::c (23 bytes)
Event: 40.551 Thread 0x00000268eb64d800 11154       3       com.android.tools.r8.graph.T::a (13 bytes)
Event: 40.552 Thread 0x00000268eb64d800 nmethod 11154 0x00000268d68bdf10 code [0x00000268d68be160, 0x00000268d68bea38]
Event: 40.552 Thread 0x00000268eb64d800 11155       3       com.android.tools.r8.graph.T::a (35 bytes)
Event: 40.552 Thread 0x00000268f6b4d000 nmethod 11153 0x00000268dcd41490 code [0x00000268dcd41620, 0x00000268dcd41738]
Event: 40.552 Thread 0x00000268eb64d800 nmethod 11155 0x00000268d68bee10 code [0x00000268d68befe0, 0x00000268d68bf298]
Event: 40.552 Thread 0x00000268eb64d800 11156   !   3       com.android.tools.r8.graph.c0::K (89 bytes)
Event: 40.555 Thread 0x00000268eb64d800 nmethod 11156 0x00000268d68bf410 code [0x00000268d68bf760, 0x00000268d68c0bd8]
Event: 40.564 Thread 0x00000268eb64d800 11157       3       com.android.tools.r8.graph.Q::F (30 bytes)
Event: 40.564 Thread 0x00000268eb64d800 nmethod 11157 0x00000268d68c1510 code [0x00000268d68c16e0, 0x00000268d68c18c8]
Event: 40.564 Thread 0x00000268eb64d800 11158       3       com.android.tools.r8.graph.Q::<init> (62 bytes)
Event: 40.565 Thread 0x00000268eb64d800 nmethod 11158 0x00000268d68c1a10 code [0x00000268d68c1d20, 0x00000268d68c2be8]
Event: 40.565 Thread 0x00000268eb64d800 11159       3       com.android.tools.r8.graph.T::b (16 bytes)
Event: 40.566 Thread 0x00000268eb64d800 nmethod 11159 0x00000268d68c3210 code [0x00000268d68c34a0, 0x00000268d68c3f88]
Event: 40.576 Thread 0x00000268eb64d800 11160       3       com.android.tools.r8.internal.J7::a (68 bytes)
Event: 40.578 Thread 0x00000268eb64d800 nmethod 11160 0x00000268d68c4490 code [0x00000268d68c4820, 0x00000268d68c5c28]

GC Heap History (20 events):
Event: 7.216 GC heap before
{Heap before GC invocations=8 (full 0):
 garbage-first heap   total 129024K, used 83702K [0x0000000080000000, 0x0000000100000000)
  region size 1024K, 62 young (63488K), 4 survivors (4096K)
 Metaspace       used 39078K, capacity 40066K, committed 40192K, reserved 1083392K
  class space    used 4996K, capacity 5352K, committed 5376K, reserved 1048576K
}
Event: 7.226 GC heap after
{Heap after GC invocations=9 (full 0):
 garbage-first heap   total 129024K, used 27091K [0x0000000080000000, 0x0000000100000000)
  region size 1024K, 8 young (8192K), 8 survivors (8192K)
 Metaspace       used 39078K, capacity 40066K, committed 40192K, reserved 1083392K
  class space    used 4996K, capacity 5352K, committed 5376K, reserved 1048576K
}
Event: 8.413 GC heap before
{Heap before GC invocations=9 (full 0):
 garbage-first heap   total 129024K, used 85459K [0x0000000080000000, 0x0000000100000000)
  region size 1024K, 65 young (66560K), 8 survivors (8192K)
 Metaspace       used 44179K, capacity 45172K, committed 45184K, reserved 1089536K
  class space    used 5670K, capacity 6005K, committed 6016K, reserved 1048576K
}
Event: 8.424 GC heap after
{Heap after GC invocations=10 (full 0):
 garbage-first heap   total 155648K, used 29189K [0x0000000080000000, 0x0000000100000000)
  region size 1024K, 7 young (7168K), 7 survivors (7168K)
 Metaspace       used 44179K, capacity 45172K, committed 45184K, reserved 1089536K
  class space    used 5670K, capacity 6005K, committed 6016K, reserved 1048576K
}
Event: 11.538 GC heap before
{Heap before GC invocations=10 (full 0):
 garbage-first heap   total 155648K, used 104965K [0x0000000080000000, 0x0000000100000000)
  region size 1024K, 78 young (79872K), 7 survivors (7168K)
 Metaspace       used 48593K, capacity 49968K, committed 50304K, reserved 1093632K
  class space    used 6202K, capacity 6668K, committed 6784K, reserved 1048576K
}
Event: 11.552 GC heap after
{Heap after GC invocations=11 (full 0):
 garbage-first heap   total 155648K, used 42050K [0x0000000080000000, 0x0000000100000000)
  region size 1024K, 10 young (10240K), 10 survivors (10240K)
 Metaspace       used 48593K, capacity 49968K, committed 50304K, reserved 1093632K
  class space    used 6202K, capacity 6668K, committed 6784K, reserved 1048576K
}
Event: 13.701 GC heap before
{Heap before GC invocations=11 (full 0):
 garbage-first heap   total 155648K, used 106562K [0x0000000080000000, 0x0000000100000000)
  region size 1024K, 74 young (75776K), 10 survivors (10240K)
 Metaspace       used 58540K, capacity 60050K, committed 60160K, reserved 1101824K
  class space    used 7427K, capacity 7978K, committed 8064K, reserved 1048576K
}
Event: 13.724 GC heap after
{Heap after GC invocations=12 (full 0):
 garbage-first heap   total 155648K, used 46269K [0x0000000080000000, 0x0000000100000000)
  region size 1024K, 4 young (4096K), 4 survivors (4096K)
 Metaspace       used 58540K, capacity 60050K, committed 60160K, reserved 1101824K
  class space    used 7427K, capacity 7978K, committed 8064K, reserved 1048576K
}
Event: 15.385 GC heap before
{Heap before GC invocations=13 (full 0):
 garbage-first heap   total 155648K, used 111805K [0x0000000080000000, 0x0000000100000000)
  region size 1024K, 68 young (69632K), 4 survivors (4096K)
 Metaspace       used 63305K, capacity 64917K, committed 65024K, reserved 1105920K
  class space    used 8057K, capacity 8649K, committed 8704K, reserved 1048576K
}
Event: 15.411 GC heap after
{Heap after GC invocations=14 (full 0):
 garbage-first heap   total 155648K, used 51078K [0x0000000080000000, 0x0000000100000000)
  region size 1024K, 9 young (9216K), 9 survivors (9216K)
 Metaspace       used 63305K, capacity 64917K, committed 65024K, reserved 1105920K
  class space    used 8057K, capacity 8649K, committed 8704K, reserved 1048576K
}
Event: 18.276 GC heap before
{Heap before GC invocations=15 (full 0):
 garbage-first heap   total 155648K, used 115590K [0x0000000080000000, 0x0000000100000000)
  region size 1024K, 72 young (73728K), 9 survivors (9216K)
 Metaspace       used 69641K, capacity 71347K, committed 71680K, reserved 1112064K
  class space    used 9032K, capacity 9626K, committed 9728K, reserved 1048576K
}
Event: 18.294 GC heap after
{Heap after GC invocations=16 (full 0):
 garbage-first heap   total 187392K, used 55722K [0x0000000080000000, 0x0000000100000000)
  region size 1024K, 5 young (5120K), 5 survivors (5120K)
 Metaspace       used 69641K, capacity 71347K, committed 71680K, reserved 1112064K
  class space    used 9032K, capacity 9626K, committed 9728K, reserved 1048576K
}
Event: 22.339 GC heap before
{Heap before GC invocations=16 (full 0):
 garbage-first heap   total 187392K, used 133546K [0x0000000080000000, 0x0000000100000000)
  region size 1024K, 81 young (82944K), 5 survivors (5120K)
 Metaspace       used 77718K, capacity 79647K, committed 79872K, reserved 1118208K
  class space    used 10210K, capacity 10954K, committed 11008K, reserved 1048576K
}
Event: 22.367 GC heap after
{Heap after GC invocations=17 (full 0):
 garbage-first heap   total 187392K, used 60324K [0x0000000080000000, 0x0000000100000000)
  region size 1024K, 10 young (10240K), 10 survivors (10240K)
 Metaspace       used 77718K, capacity 79647K, committed 79872K, reserved 1118208K
  class space    used 10210K, capacity 10954K, committed 11008K, reserved 1048576K
}
Event: 26.850 GC heap before
{Heap before GC invocations=17 (full 0):
 garbage-first heap   total 187392K, used 137124K [0x0000000080000000, 0x0000000100000000)
  region size 1024K, 86 young (88064K), 10 survivors (10240K)
 Metaspace       used 79182K, capacity 81360K, committed 81664K, reserved 1120256K
  class space    used 10363K, capacity 11178K, committed 11264K, reserved 1048576K
}
Event: 26.882 GC heap after
{Heap after GC invocations=18 (full 0):
 garbage-first heap   total 187392K, used 65273K [0x0000000080000000, 0x0000000100000000)
  region size 1024K, 10 young (10240K), 10 survivors (10240K)
 Metaspace       used 79182K, capacity 81360K, committed 81664K, reserved 1120256K
  class space    used 10363K, capacity 11178K, committed 11264K, reserved 1048576K
}
Event: 32.830 GC heap before
{Heap before GC invocations=18 (full 0):
 garbage-first heap   total 187392K, used 144121K [0x0000000080000000, 0x0000000100000000)
  region size 1024K, 86 young (88064K), 10 survivors (10240K)
 Metaspace       used 86961K, capacity 89199K, committed 89216K, reserved 1126400K
  class space    used 11306K, capacity 12156K, committed 12160K, reserved 1048576K
}
Event: 32.871 GC heap after
{Heap after GC invocations=19 (full 0):
 garbage-first heap   total 187392K, used 75776K [0x0000000080000000, 0x0000000100000000)
  region size 1024K, 11 young (11264K), 11 survivors (11264K)
 Metaspace       used 86961K, capacity 89199K, committed 89216K, reserved 1126400K
  class space    used 11306K, capacity 12156K, committed 12160K, reserved 1048576K
}
Event: 39.316 GC heap before
{Heap before GC invocations=19 (full 0):
 garbage-first heap   total 187392K, used 144384K [0x0000000080000000, 0x0000000100000000)
  region size 1024K, 79 young (80896K), 11 survivors (11264K)
 Metaspace       used 89082K, capacity 91348K, committed 91520K, reserved 1128448K
  class space    used 11506K, capacity 12321K, committed 12416K, reserved 1048576K
}
Event: 39.333 GC heap after
{Heap after GC invocations=20 (full 0):
 garbage-first heap   total 187392K, used 79370K [0x0000000080000000, 0x0000000100000000)
  region size 1024K, 7 young (7168K), 7 survivors (7168K)
 Metaspace       used 89082K, capacity 91348K, committed 91520K, reserved 1128448K
  class space    used 11506K, capacity 12321K, committed 12416K, reserved 1048576K
}

Deoptimization events (20 events):
Event: 40.382 Thread 0x00000268f4aa4000 DEOPT UNPACKING pc=0x00000268d4cc78af sp=0x00000073bf4fd260 mode 2
Event: 40.383 Thread 0x00000268f4aa2800 Uncommon trap: reason=unstable_if action=reinterpret pc=0x00000268dcb0dc28 method=java.io.BufferedInputStream.read1([BII)I @ 60 c2
Event: 40.383 Thread 0x00000268f4aa2800 DEOPT PACKING pc=0x00000268dcb0dc28 sp=0x00000073bf5fd4f0
Event: 40.383 Thread 0x00000268f4aa2800 DEOPT UNPACKING pc=0x00000268d4cc78af sp=0x00000073bf5fd440 mode 2
Event: 40.431 Thread 0x00000268f4aa5000 Uncommon trap: trap_request=0xffffff4d fr.pc=0x00000268dcb89dac relative=0x00000000000014ac
Event: 40.431 Thread 0x00000268f4aa5000 Uncommon trap: reason=unstable_if action=reinterpret pc=0x00000268dcb89dac method=java.util.concurrent.ConcurrentHashMap.putVal(Ljava/lang/Object;Ljava/lang/Object;Z)Ljava/lang/Object; @ 162 c2
Event: 40.431 Thread 0x00000268f4aa5000 DEOPT PACKING pc=0x00000268dcb89dac sp=0x00000073bf6f8930
Event: 40.431 Thread 0x00000268f4aa5000 DEOPT UNPACKING pc=0x00000268d4cc78af sp=0x00000073bf6f88c8 mode 2
Event: 40.431 Thread 0x00000268f4aa5000 Uncommon trap: trap_request=0xffffff4d fr.pc=0x00000268dcb19fd0 relative=0x0000000000000170
Event: 40.431 Thread 0x00000268f4aa5000 Uncommon trap: reason=unstable_if action=reinterpret pc=0x00000268dcb19fd0 method=com.google.common.collect.MapMakerInternalMap$Segment.getEntry(Ljava/lang/Object;I)Lcom/google/common/collect/MapMakerInternalMap$InternalEntry; @ 63 c2
Event: 40.431 Thread 0x00000268f4aa5000 DEOPT PACKING pc=0x00000268dcb19fd0 sp=0x00000073bf6f87f0
Event: 40.431 Thread 0x00000268f4aa5000 DEOPT UNPACKING pc=0x00000268d4cc78af sp=0x00000073bf6f87a8 mode 2
Event: 40.483 Thread 0x00000268f4aa7800 DEOPT PACKING pc=0x00000268d6321df6 sp=0x00000073bf1fcc30
Event: 40.483 Thread 0x00000268f4aa7800 DEOPT UNPACKING pc=0x00000268d4cc76ce sp=0x00000073bf1fc150 mode 0
Event: 40.487 Thread 0x00000268f4aa7800 DEOPT PACKING pc=0x00000268d6321df6 sp=0x00000073bf1fcc20
Event: 40.487 Thread 0x00000268f4aa7800 DEOPT UNPACKING pc=0x00000268d4cc76ce sp=0x00000073bf1fc140 mode 0
Event: 40.506 Thread 0x00000268f4aa5000 DEOPT PACKING pc=0x00000268d6321df6 sp=0x00000073bf6fcc30
Event: 40.506 Thread 0x00000268f4aa5000 DEOPT UNPACKING pc=0x00000268d4cc76ce sp=0x00000073bf6fc150 mode 0
Event: 40.520 Thread 0x00000268f4aa6800 DEOPT PACKING pc=0x00000268d6321df6 sp=0x00000073bf2fcc90
Event: 40.520 Thread 0x00000268f4aa6800 DEOPT UNPACKING pc=0x00000268d4cc76ce sp=0x00000073bf2fc1b0 mode 0

Classes redefined (0 events):
No events

Internal exceptions (20 events):
Event: 32.873 Thread 0x00000268ee8e3000 Implicit null exception at 0x00000268dcbfd483 to 0x00000268dcbfdffc
Event: 33.144 Thread 0x00000268ee8e3000 Exception <a 'sun/nio/fs/WindowsException'{0x000000008b4b4990}> (0x000000008b4b4990) thrown at [./src/hotspot/share/prims/jni.cpp, line 615]
Event: 33.158 Thread 0x00000268ee8e3000 Exception <a 'sun/nio/fs/WindowsException'{0x000000008b4b5290}> (0x000000008b4b5290) thrown at [./src/hotspot/share/prims/jni.cpp, line 615]
Event: 33.158 Thread 0x00000268ee8e3000 Exception <a 'sun/nio/fs/WindowsException'{0x000000008b4b64e0}> (0x000000008b4b64e0) thrown at [./src/hotspot/share/prims/jni.cpp, line 615]
Event: 33.170 Thread 0x00000268ee8e3000 Exception <a 'sun/nio/fs/WindowsException'{0x000000008b4b7738}> (0x000000008b4b7738) thrown at [./src/hotspot/share/prims/jni.cpp, line 615]
Event: 33.170 Thread 0x00000268ee8e3000 Exception <a 'sun/nio/fs/WindowsException'{0x000000008b4b8938}> (0x000000008b4b8938) thrown at [./src/hotspot/share/prims/jni.cpp, line 615]
Event: 33.171 Thread 0x00000268ee8e3000 Exception <a 'sun/nio/fs/WindowsException'{0x000000008b4b8a88}> (0x000000008b4b8a88) thrown at [./src/hotspot/share/prims/jni.cpp, line 615]
Event: 33.171 Thread 0x00000268ee8e3000 Exception <a 'sun/nio/fs/WindowsException'{0x000000008b4bac88}> (0x000000008b4bac88) thrown at [./src/hotspot/share/prims/jni.cpp, line 615]
Event: 33.172 Thread 0x00000268ee8e3000 Exception <a 'sun/nio/fs/WindowsException'{0x000000008b4badc0}> (0x000000008b4badc0) thrown at [./src/hotspot/share/prims/jni.cpp, line 615]
Event: 33.173 Thread 0x00000268ee8e3000 Exception <a 'sun/nio/fs/WindowsException'{0x000000008b4bcfb0}> (0x000000008b4bcfb0) thrown at [./src/hotspot/share/prims/jni.cpp, line 615]
Event: 33.386 Thread 0x00000268ee8e3000 Exception <a 'sun/nio/fs/WindowsException'{0x000000008b097b88}> (0x000000008b097b88) thrown at [./src/hotspot/share/prims/jni.cpp, line 615]
Event: 33.433 Thread 0x00000268ee8e3000 Exception <a 'sun/nio/fs/WindowsException'{0x000000008b0aba80}> (0x000000008b0aba80) thrown at [./src/hotspot/share/prims/jni.cpp, line 615]
Event: 35.029 Thread 0x00000268ee8e3000 Exception <a 'java/lang/NoSuchMethodError'{0x0000000089133900}: 'void java.lang.invoke.DirectMethodHandle$Holder.invokeStatic(java.lang.Object, java.lang.Object, java.lang.Object, java.lang.Object, java.lang.Object, java.lang.Object, java.lang.Object)'> (0x0000000089133900) thrown at [./src/hotspot/share/interpreter/linkResolver.cpp, line 773]
Event: 35.096 Thread 0x00000268ed1a5800 Exception <a 'java/lang/NoSuchMethodError'{0x00000000891b82f8}: <clinit>> (0x00000000891b82f8) thrown at [./src/hotspot/share/prims/jni.cpp, line 1362]
Event: 35.112 Thread 0x00000268ed1a5800 Exception <a 'java/lang/NoSuchMethodError'{0x0000000089052110}: <clinit>> (0x0000000089052110) thrown at [./src/hotspot/share/prims/jni.cpp, line 1362]
Event: 35.724 Thread 0x00000268ee8d9800 Implicit null exception at 0x00000268dcc73955 to 0x00000268dcc741e4
Event: 39.931 Thread 0x00000268ee8e3000 Exception <a 'sun/nio/fs/WindowsException'{0x000000008a701d00}> (0x000000008a701d00) thrown at [./src/hotspot/share/prims/jni.cpp, line 615]
Event: 40.130 Thread 0x00000268ee8e3000 Exception <a 'java/lang/NoSuchMethodError'{0x000000008a5c8848}: <clinit>> (0x000000008a5c8848) thrown at [./src/hotspot/share/prims/jni.cpp, line 1362]
Event: 40.397 Thread 0x00000268f4aa6800 Exception <a 'sun/nio/fs/WindowsException'{0x0000000089adb250}> (0x0000000089adb250) thrown at [./src/hotspot/share/prims/jni.cpp, line 615]
Event: 40.397 Thread 0x00000268f4aa7800 Exception <a 'sun/nio/fs/WindowsException'{0x0000000089cb2c78}> (0x0000000089cb2c78) thrown at [./src/hotspot/share/prims/jni.cpp, line 615]

Events (20 events):
Event: 40.554 loading class com/android/tools/r8/graph/T$z
Event: 40.554 loading class com/android/tools/r8/graph/T$z done
Event: 40.554 loading class com/android/tools/r8/graph/T$A
Event: 40.554 loading class com/android/tools/r8/graph/T$A done
Event: 40.563 loading class com/android/tools/r8/graph/T$B
Event: 40.563 loading class com/android/tools/r8/graph/T$B done
Event: 40.563 loading class com/android/tools/r8/graph/T$C
Event: 40.563 loading class com/android/tools/r8/graph/T$C done
Event: 40.564 loading class com/android/tools/r8/graph/T$D
Event: 40.564 loading class com/android/tools/r8/graph/T$D done
Event: 40.564 loading class com/android/tools/r8/graph/T$I
Event: 40.564 loading class com/android/tools/r8/graph/T$I done
Event: 40.565 loading class com/android/tools/r8/internal/tE
Event: 40.565 loading class com/android/tools/r8/internal/tE done
Event: 40.575 loading class com/android/tools/r8/graph/T$O
Event: 40.575 loading class com/android/tools/r8/graph/T$O done
Event: 40.576 loading class com/android/tools/r8/graph/T$R
Event: 40.576 loading class com/android/tools/r8/graph/T$R done
Event: 40.576 loading class com/android/tools/r8/internal/pe
Event: 40.576 loading class com/android/tools/r8/internal/pe done


Dynamic libraries:
0x00007ff615860000 - 0x00007ff61586a000 	C:\Program Files\Android\Android Studio\jre\bin\java.exe
0x00007fff164d0000 - 0x00007fff166c5000 	C:\WINDOWS\SYSTEM32\ntdll.dll
0x00007fff14520000 - 0x00007fff145de000 	C:\WINDOWS\System32\KERNEL32.DLL
0x00007fff14250000 - 0x00007fff14518000 	C:\WINDOWS\System32\KERNELBASE.dll
0x00007fff13e00000 - 0x00007fff13f00000 	C:\WINDOWS\System32\ucrtbase.dll
0x00007ffefe520000 - 0x00007ffefe537000 	C:\Program Files\Android\Android Studio\jre\bin\VCRUNTIME140.dll
0x00007ffefbb80000 - 0x00007ffefbb99000 	C:\Program Files\Android\Android Studio\jre\bin\jli.dll
0x00007fff14620000 - 0x00007fff147c1000 	C:\WINDOWS\System32\USER32.dll
0x00007fff13fe0000 - 0x00007fff14002000 	C:\WINDOWS\System32\win32u.dll
0x00007ffef9410000 - 0x00007ffef96aa000 	C:\WINDOWS\WinSxS\amd64_microsoft.windows.common-controls_6595b64144ccf1df_6.0.19041.1110_none_60b5254171f9507e\COMCTL32.dll
0x00007fff147f0000 - 0x00007fff1481b000 	C:\WINDOWS\System32\GDI32.dll
0x00007fff148d0000 - 0x00007fff1496e000 	C:\WINDOWS\System32\msvcrt.dll
0x00007fff14140000 - 0x00007fff1424b000 	C:\WINDOWS\System32\gdi32full.dll
0x00007fff14010000 - 0x00007fff140ad000 	C:\WINDOWS\System32\msvcp_win.dll
0x00007fff145e0000 - 0x00007fff14610000 	C:\WINDOWS\System32\IMM32.DLL
0x00007ffef9c00000 - 0x00007ffef9c9d000 	C:\Program Files\Android\Android Studio\jre\bin\msvcp140.dll
0x00007ffed8560000 - 0x00007ffed902f000 	C:\Program Files\Android\Android Studio\jre\bin\server\jvm.dll
0x00007fff15660000 - 0x00007fff1570c000 	C:\WINDOWS\System32\ADVAPI32.dll
0x00007fff15850000 - 0x00007fff158eb000 	C:\WINDOWS\System32\sechost.dll
0x00007fff15a70000 - 0x00007fff15b9a000 	C:\WINDOWS\System32\RPCRT4.dll
0x00007fff14610000 - 0x00007fff14618000 	C:\WINDOWS\System32\PSAPI.DLL
0x00007ffefd650000 - 0x00007ffefd677000 	C:\WINDOWS\SYSTEM32\WINMM.dll
0x00007fff0b640000 - 0x00007fff0b649000 	C:\WINDOWS\SYSTEM32\WSOCK32.dll
0x00007fff08ed0000 - 0x00007fff08eda000 	C:\WINDOWS\SYSTEM32\VERSION.dll
0x00007fff15160000 - 0x00007fff151cb000 	C:\WINDOWS\System32\WS2_32.dll
0x00007fff124c0000 - 0x00007fff124d2000 	C:\WINDOWS\SYSTEM32\kernel.appcore.dll
0x00007fff085d0000 - 0x00007fff085e1000 	C:\Program Files\Android\Android Studio\jre\bin\verify.dll
0x00007fff0e000000 - 0x00007fff0e1e4000 	C:\WINDOWS\SYSTEM32\DBGHELP.DLL
0x00007ffef90d0000 - 0x00007ffef90fc000 	C:\WINDOWS\SYSTEM32\dbgcore.DLL
0x00007fff140b0000 - 0x00007fff14133000 	C:\WINDOWS\System32\bcryptPrimitives.dll
0x00007fff08540000 - 0x00007fff08569000 	C:\Program Files\Android\Android Studio\jre\bin\java.dll
0x00007fff085b0000 - 0x00007fff085bb000 	C:\Program Files\Android\Android Studio\jre\bin\jimage.dll
0x00007fff08110000 - 0x00007fff08128000 	C:\Program Files\Android\Android Studio\jre\bin\zip.dll
0x00007fff15d50000 - 0x00007fff1648f000 	C:\WINDOWS\System32\SHELL32.dll
0x00007fff11cd0000 - 0x00007fff12460000 	C:\WINDOWS\SYSTEM32\windows.storage.dll
0x00007fff14cd0000 - 0x00007fff15025000 	C:\WINDOWS\System32\combase.dll
0x00007fff13640000 - 0x00007fff1366e000 	C:\WINDOWS\SYSTEM32\Wldp.dll
0x00007fff14c20000 - 0x00007fff14ccd000 	C:\WINDOWS\System32\SHCORE.dll
0x00007fff14a90000 - 0x00007fff14ae5000 	C:\WINDOWS\System32\shlwapi.dll
0x00007fff13b30000 - 0x00007fff13b4f000 	C:\WINDOWS\SYSTEM32\profapi.dll
0x00007fff07f80000 - 0x00007fff07f9a000 	C:\Program Files\Android\Android Studio\jre\bin\net.dll
0x00007fff097d0000 - 0x00007fff098dc000 	C:\WINDOWS\SYSTEM32\WINHTTP.dll
0x00007fff133a0000 - 0x00007fff1340a000 	C:\WINDOWS\system32\mswsock.dll
0x00007fff036f0000 - 0x00007fff03704000 	C:\Program Files\Android\Android Studio\jre\bin\nio.dll
0x00007ffefba30000 - 0x00007ffefba57000 	C:\Users\Brax\.gradle\native\8bec1ad78214c89d9ad589b4d07fe93259594b29d510b10fafb7a158f7737e5d\windows-amd64\native-platform.dll
0x00007ffedf760000 - 0x00007ffedf89d000 	C:\Users\Brax\.gradle\native\53dbd7edfb1c66fb8903c78663c9afc45aea4f116125fa6feffd364cf09443e8\windows-amd64\native-platform-file-events.dll
0x00007fff08310000 - 0x00007fff0831a000 	C:\Program Files\Android\Android Studio\jre\bin\management.dll
0x00007fff08080000 - 0x00007fff0808c000 	C:\Program Files\Android\Android Studio\jre\bin\management_ext.dll
0x00007fff13590000 - 0x00007fff135a8000 	C:\WINDOWS\SYSTEM32\CRYPTSP.dll
0x00007fff12cb0000 - 0x00007fff12ce4000 	C:\WINDOWS\system32\rsaenh.dll
0x00007fff13f00000 - 0x00007fff13f27000 	C:\WINDOWS\System32\bcrypt.dll
0x00007fff13ab0000 - 0x00007fff13ade000 	C:\WINDOWS\SYSTEM32\USERENV.dll
0x00007fff135b0000 - 0x00007fff135bc000 	C:\WINDOWS\SYSTEM32\CRYPTBASE.dll
0x00007fff13040000 - 0x00007fff1307b000 	C:\WINDOWS\SYSTEM32\IPHLPAPI.DLL
0x00007fff151d0000 - 0x00007fff151d8000 	C:\WINDOWS\System32\NSI.dll
0x00007fff06370000 - 0x00007fff06387000 	C:\WINDOWS\SYSTEM32\dhcpcsvc6.DLL
0x00007fff06490000 - 0x00007fff064ad000 	C:\WINDOWS\SYSTEM32\dhcpcsvc.DLL
0x00007fff13080000 - 0x00007fff1314b000 	C:\WINDOWS\SYSTEM32\DNSAPI.dll

dbghelp: loaded successfully - version: 4.0.5 - missing functions: none
symbol engine: initialized successfully - sym options: 0x614 - pdb path: .;C:\Program Files\Android\Android Studio\jre\bin;C:\WINDOWS\SYSTEM32;C:\WINDOWS\WinSxS\amd64_microsoft.windows.common-controls_6595b64144ccf1df_6.0.19041.1110_none_60b5254171f9507e;C:\Program Files\Android\Android Studio\jre\bin\server;C:\Users\Brax\.gradle\native\8bec1ad78214c89d9ad589b4d07fe93259594b29d510b10fafb7a158f7737e5d\windows-amd64;C:\Users\Brax\.gradle\native\53dbd7edfb1c66fb8903c78663c9afc45aea4f116125fa6feffd364cf09443e8\windows-amd64

VM Arguments:
jvm_args: --add-opens=java.base/java.util=ALL-UNNAMED --add-opens=java.base/java.lang=ALL-UNNAMED --add-opens=java.base/java.lang.invoke=ALL-UNNAMED --add-opens=java.base/java.util=ALL-UNNAMED --add-opens=java.prefs/java.util.prefs=ALL-UNNAMED --add-opens=java.prefs/java.util.prefs=ALL-UNNAMED --add-opens=java.base/java.nio.charset=ALL-UNNAMED --add-opens=java.base/java.net=ALL-UNNAMED --add-opens=java.base/java.util.concurrent.atomic=ALL-UNNAMED -Xmx2048m -Dfile.encoding=UTF-8 -Duser.country=US -Duser.language=en -Duser.variant 
java_command: org.gradle.launcher.daemon.bootstrap.GradleDaemon 7.0.2
java_class_path (initial): C:\Users\Brax\.gradle\wrapper\dists\gradle-7.0.2-bin\857tjihv64xamwrf0h14cai3r\gradle-7.0.2\lib\gradle-launcher-7.0.2.jar
Launcher Type: SUN_STANDARD

[Global flags]
     intx CICompilerCount                          = 4                                         {product} {ergonomic}
     uint ConcGCThreads                            = 2                                         {product} {ergonomic}
     uint G1ConcRefinementThreads                  = 8                                         {product} {ergonomic}
   size_t G1HeapRegionSize                         = 1048576                                   {product} {ergonomic}
    uintx GCDrainStackTargetSize                   = 64                                        {product} {ergonomic}
   size_t InitialHeapSize                          = 132120576                                 {product} {ergonomic}
   size_t MarkStackSize                            = 4194304                                   {product} {ergonomic}
   size_t MaxHeapSize                              = 2147483648                                {product} {command line}
   size_t MaxNewSize                               = 1287651328                                {product} {ergonomic}
   size_t MinHeapDeltaBytes                        = 1048576                                   {product} {ergonomic}
    uintx NonNMethodCodeHeapSize                   = 5836300                                {pd product} {ergonomic}
    uintx NonProfiledCodeHeapSize                  = 122910970                              {pd product} {ergonomic}
    uintx ProfiledCodeHeapSize                     = 122910970                              {pd product} {ergonomic}
    uintx ReservedCodeCacheSize                    = 251658240                              {pd product} {ergonomic}
     bool SegmentedCodeCache                       = true                                      {product} {ergonomic}
     bool UseCompressedClassPointers               = true                                 {lp64_product} {ergonomic}
     bool UseCompressedOops                        = true                                 {lp64_product} {ergonomic}
     bool UseG1GC                                  = true                                      {product} {ergonomic}
     bool UseLargePagesIndividualAllocation        = false                                  {pd product} {ergonomic}

Logging:
Log output configuration:
 #0: stdout all=warning uptime,level,tags
 #1: stderr all=off uptime,level,tags

Environment Variables:
PATH=C:\Program Files\Eclipse Adoptium\jdk-11.0.13.8-hotspot\bin;C:\WINDOWS\system32;C:\WINDOWS;C:\WINDOWS\System32\Wbem;C:\WINDOWS\System32\WindowsPowerShell\v1.0\;C:\WINDOWS\System32\OpenSSH\;C:\Program Files\Git\cmd;C:\ProgramData\ComposerSetup\bin;C:\Program Files\nodejs\;C:\Users\Brax\AppData\Local\Microsoft\WindowsApps;C:\Users\Brax\AppData\Local\Programs\Microsoft VS Code\bin;C:\xampp\php;C:\Users\Brax\webroot\bin;C:\Users\Brax\AppData\Local\ComposerSetup\bin;C:\Users\Brax\AppData\Roaming\Composer\vendor\bin;C:\Users\Brax\AppData\Roaming\npm
USERNAME=Brax
OS=Windows_NT
PROCESSOR_IDENTIFIER=Intel64 Family 6 Model 142 Stepping 12, GenuineIntel



---------------  S Y S T E M  ---------------

OS: Windows 10 , 64 bit Build 19041 (10.0.19041.1348)
OS uptime: 1 days 11:24 hours

CPU:total 8 (initial active 8) (4 cores per cpu, 2 threads per core) family 6 model 142 stepping 12 microcode 0xea, cmov, cx8, fxsr, mmx, sse, sse2, sse3, ssse3, sse4.1, sse4.2, popcnt, avx, avx2, aes, clmul, erms, 3dnowpref, lzcnt, ht, tsc, tscinvbit, bmi1, bmi2, adx, fma

Memory: 4k page, system-wide physical 8005M (953M free)
TotalPageFile size 23083M (AvailPageFile size 0M)
current process WorkingSet (physical memory assigned to process): 305M, peak: 313M
current process commit charge ("private bytes"): 475M, peak: 478M

vm_info: OpenJDK 64-Bit Server VM (11.0.10+0-b96-7249189) for windows-amd64 JRE (11.0.10+0-b96-7249189), built on Mar 31 2021 21:44:00 by "builder" with MS VC++ 14.0 (VS2015)

END.
